{"/Users/shubhkapadia/Desktop/Development/SEO Audit Engine/seo-audit-engine/api/src/db.js": {"path":"/Users/shubhkapadia/Desktop/Development/SEO Audit Engine/seo-audit-engine/api/src/db.js","statementMap":{"0":{"start":{"line":4,"column":0},"end":{"line":4,"column":16}},"1":{"start":{"line":6,"column":17},"end":{"line":6,"column":20}},"2":{"start":{"line":8,"column":13},"end":{"line":16,"column":2}},"3":{"start":{"line":18,"column":0},"end":{"line":18,"column":70}},"4":{"start":{"line":18,"column":25},"end":{"line":18,"column":68}},"5":{"start":{"line":20,"column":0},"end":{"line":23,"column":3}},"6":{"start":{"line":21,"column":2},"end":{"line":21,"column":47}},"7":{"start":{"line":22,"column":2},"end":{"line":22,"column":19}}},"fnMap":{"0":{"name":"(anonymous_0)","decl":{"start":{"line":18,"column":19},"end":{"line":18,"column":20}},"loc":{"start":{"line":18,"column":25},"end":{"line":18,"column":68}},"line":18},"1":{"name":"(anonymous_1)","decl":{"start":{"line":20,"column":17},"end":{"line":20,"column":18}},"loc":{"start":{"line":20,"column":26},"end":{"line":23,"column":1}},"line":20}},"branchMap":{},"s":{"0":0,"1":0,"2":0,"3":0,"4":0,"5":0,"6":0,"7":0},"f":{"0":0,"1":0},"b":{},"inputSourceMap":null}
,"/Users/shubhkapadia/Desktop/Development/SEO Audit Engine/seo-audit-engine/api/src/index.js": {"path":"/Users/shubhkapadia/Desktop/Development/SEO Audit Engine/seo-audit-engine/api/src/index.js","statementMap":{"0":{"start":{"line":8,"column":0},"end":{"line":8,"column":16}},"1":{"start":{"line":10,"column":12},"end":{"line":10,"column":21}},"2":{"start":{"line":11,"column":13},"end":{"line":11,"column":37}},"3":{"start":{"line":14,"column":0},"end":{"line":18,"column":4}},"4":{"start":{"line":19,"column":0},"end":{"line":19,"column":24}},"5":{"start":{"line":22,"column":0},"end":{"line":22,"column":33}},"6":{"start":{"line":23,"column":0},"end":{"line":23,"column":37}},"7":{"start":{"line":24,"column":0},"end":{"line":24,"column":39}},"8":{"start":{"line":27,"column":0},"end":{"line":29,"column":3}},"9":{"start":{"line":28,"column":2},"end":{"line":28,"column":66}},"10":{"start":{"line":32,"column":0},"end":{"line":34,"column":3}},"11":{"start":{"line":33,"column":2},"end":{"line":33,"column":48}},"12":{"start":{"line":36,"column":0},"end":{"line":38,"column":3}},"13":{"start":{"line":37,"column":2},"end":{"line":37,"column":44}},"14":{"start":{"line":40,"column":0},"end":{"line":42,"column":3}},"15":{"start":{"line":41,"column":2},"end":{"line":41,"column":52}}},"fnMap":{"0":{"name":"(anonymous_0)","decl":{"start":{"line":27,"column":19},"end":{"line":27,"column":20}},"loc":{"start":{"line":27,"column":33},"end":{"line":29,"column":1}},"line":27},"1":{"name":"(anonymous_1)","decl":{"start":{"line":32,"column":33},"end":{"line":32,"column":34}},"loc":{"start":{"line":32,"column":45},"end":{"line":34,"column":1}},"line":32},"2":{"name":"(anonymous_2)","decl":{"start":{"line":36,"column":32},"end":{"line":36,"column":33}},"loc":{"start":{"line":36,"column":41},"end":{"line":38,"column":1}},"line":36},"3":{"name":"(anonymous_3)","decl":{"start":{"line":40,"column":28},"end":{"line":40,"column":29}},"loc":{"start":{"line":40,"column":34},"end":{"line":42,"column":1}},"line":40}},"branchMap":{"0":{"loc":{"start":{"line":11,"column":13},"end":{"line":11,"column":37}},"type":"binary-expr","locations":[{"start":{"line":11,"column":13},"end":{"line":11,"column":29}},{"start":{"line":11,"column":33},"end":{"line":11,"column":37}}],"line":11}},"s":{"0":0,"1":0,"2":0,"3":0,"4":0,"5":0,"6":0,"7":0,"8":0,"9":0,"10":0,"11":0,"12":0,"13":0,"14":0,"15":0},"f":{"0":0,"1":0,"2":0,"3":0},"b":{"0":[0,0]},"inputSourceMap":null}
,"/Users/shubhkapadia/Desktop/Development/SEO Audit Engine/seo-audit-engine/api/src/queue.js": {"path":"/Users/shubhkapadia/Desktop/Development/SEO Audit Engine/seo-audit-engine/api/src/queue.js","statementMap":{"0":{"start":{"line":5,"column":0},"end":{"line":5,"column":16}},"1":{"start":{"line":8,"column":19},"end":{"line":10,"column":2}},"2":{"start":{"line":12,"column":19},"end":{"line":23,"column":2}}},"fnMap":{},"branchMap":{},"s":{"0":1,"1":1,"2":1},"f":{},"b":{},"inputSourceMap":null,"_coverageSchema":"1a1c01bbd47fc00a2c39e90264f33305004495a9","hash":"be4420062f92a0bc2bf80bc69f29983923482398"}
,"/Users/shubhkapadia/Desktop/Development/SEO Audit Engine/seo-audit-engine/api/src/redis.js": {"path":"/Users/shubhkapadia/Desktop/Development/SEO Audit Engine/seo-audit-engine/api/src/redis.js","statementMap":{"0":{"start":{"line":4,"column":0},"end":{"line":4,"column":16}},"1":{"start":{"line":6,"column":14},"end":{"line":9,"column":2}},"2":{"start":{"line":11,"column":0},"end":{"line":11,"column":69}},"3":{"start":{"line":11,"column":26},"end":{"line":11,"column":67}},"4":{"start":{"line":12,"column":0},"end":{"line":12,"column":63}},"5":{"start":{"line":12,"column":27},"end":{"line":12,"column":61}}},"fnMap":{"0":{"name":"(anonymous_0)","decl":{"start":{"line":11,"column":20},"end":{"line":11,"column":21}},"loc":{"start":{"line":11,"column":26},"end":{"line":11,"column":67}},"line":11},"1":{"name":"(anonymous_1)","decl":{"start":{"line":12,"column":18},"end":{"line":12,"column":19}},"loc":{"start":{"line":12,"column":27},"end":{"line":12,"column":61}},"line":12}},"branchMap":{},"s":{"0":0,"1":0,"2":0,"3":0,"4":0,"5":0},"f":{"0":0,"1":0},"b":{},"inputSourceMap":null}
,"/Users/shubhkapadia/Desktop/Development/SEO Audit Engine/seo-audit-engine/api/src/routes/history.js": {"path":"/Users/shubhkapadia/Desktop/Development/SEO Audit Engine/seo-audit-engine/api/src/routes/history.js","statementMap":{"0":{"start":{"line":4,"column":15},"end":{"line":4,"column":23}},"1":{"start":{"line":7,"column":0},"end":{"line":41,"column":3}},"2":{"start":{"line":8,"column":33},"end":{"line":8,"column":42}},"3":{"start":{"line":9,"column":19},"end":{"line":9,"column":47}},"4":{"start":{"line":11,"column":2},"end":{"line":40,"column":3}},"5":{"start":{"line":12,"column":16},"end":{"line":16,"column":5}},"6":{"start":{"line":17,"column":19},"end":{"line":17,"column":21}},"7":{"start":{"line":19,"column":4},"end":{"line":22,"column":5}},"8":{"start":{"line":20,"column":6},"end":{"line":20,"column":40}},"9":{"start":{"line":21,"column":6},"end":{"line":21,"column":36}},"10":{"start":{"line":24,"column":4},"end":{"line":24,"column":69}},"11":{"start":{"line":25,"column":4},"end":{"line":25,"column":30}},"12":{"start":{"line":27,"column":21},"end":{"line":27,"column":52}},"13":{"start":{"line":28,"column":20},"end":{"line":28,"column":42}},"14":{"start":{"line":29,"column":17},"end":{"line":29,"column":40}},"15":{"start":{"line":31,"column":4},"end":{"line":35,"column":7}},"16":{"start":{"line":38,"column":4},"end":{"line":38,"column":50}},"17":{"start":{"line":39,"column":4},"end":{"line":39,"column":63}}},"fnMap":{"0":{"name":"(anonymous_0)","decl":{"start":{"line":7,"column":16},"end":{"line":7,"column":17}},"loc":{"start":{"line":7,"column":36},"end":{"line":41,"column":1}},"line":7}},"branchMap":{"0":{"loc":{"start":{"line":8,"column":18},"end":{"line":8,"column":28}},"type":"default-arg","locations":[{"start":{"line":8,"column":26},"end":{"line":8,"column":28}}],"line":8},"1":{"loc":{"start":{"line":19,"column":4},"end":{"line":22,"column":5}},"type":"if","locations":[{"start":{"line":19,"column":4},"end":{"line":22,"column":5}},{"start":{},"end":{}}],"line":19},"2":{"loc":{"start":{"line":33,"column":18},"end":{"line":33,"column":67}},"type":"cond-expr","locations":[{"start":{"line":33,"column":28},"end":{"line":33,"column":60}},{"start":{"line":33,"column":63},"end":{"line":33,"column":67}}],"line":33}},"s":{"0":1,"1":1,"2":4,"3":4,"4":4,"5":4,"6":4,"7":4,"8":0,"9":0,"10":4,"11":4,"12":4,"13":4,"14":4,"15":4,"16":0,"17":0},"f":{"0":4},"b":{"0":[2],"1":[0,4],"2":[1,3]},"inputSourceMap":null,"_coverageSchema":"1a1c01bbd47fc00a2c39e90264f33305004495a9","hash":"31afca19fc54f68c72db466c8c3c7640094d010c"}
,"/Users/shubhkapadia/Desktop/Development/SEO Audit Engine/seo-audit-engine/api/src/routes/jobs.js": {"path":"/Users/shubhkapadia/Desktop/Development/SEO Audit Engine/seo-audit-engine/api/src/routes/jobs.js","statementMap":{"0":{"start":{"line":7,"column":15},"end":{"line":7,"column":23}},"1":{"start":{"line":10,"column":0},"end":{"line":65,"column":3}},"2":{"start":{"line":11,"column":18},"end":{"line":11,"column":26}},"3":{"start":{"line":14,"column":2},"end":{"line":16,"column":3}},"4":{"start":{"line":15,"column":4},"end":{"line":15,"column":62}},"5":{"start":{"line":18,"column":2},"end":{"line":22,"column":3}},"6":{"start":{"line":19,"column":4},"end":{"line":19,"column":17}},"7":{"start":{"line":21,"column":4},"end":{"line":21,"column":65}},"8":{"start":{"line":24,"column":2},"end":{"line":64,"column":3}},"9":{"start":{"line":27,"column":31},"end":{"line":36,"column":5}},"10":{"start":{"line":38,"column":4},"end":{"line":44,"column":5}},"11":{"start":{"line":39,"column":8},"end":{"line":43,"column":11}},"12":{"start":{"line":47,"column":21},"end":{"line":52,"column":5}},"13":{"start":{"line":54,"column":18},"end":{"line":54,"column":28}},"14":{"start":{"line":57,"column":4},"end":{"line":57,"column":61}},"15":{"start":{"line":59,"column":4},"end":{"line":59,"column":51}},"16":{"start":{"line":62,"column":4},"end":{"line":62,"column":48}},"17":{"start":{"line":63,"column":4},"end":{"line":63,"column":60}},"18":{"start":{"line":68,"column":0},"end":{"line":103,"column":3}},"19":{"start":{"line":69,"column":17},"end":{"line":69,"column":27}},"20":{"start":{"line":71,"column":2},"end":{"line":102,"column":3}},"21":{"start":{"line":73,"column":19},"end":{"line":73,"column":47}},"22":{"start":{"line":74,"column":4},"end":{"line":76,"column":5}},"23":{"start":{"line":75,"column":6},"end":{"line":75,"column":66}},"24":{"start":{"line":78,"column":21},"end":{"line":84,"column":5}},"25":{"start":{"line":86,"column":4},"end":{"line":88,"column":5}},"26":{"start":{"line":87,"column":6},"end":{"line":87,"column":62}},"27":{"start":{"line":90,"column":16},"end":{"line":90,"column":23}},"28":{"start":{"line":93,"column":4},"end":{"line":95,"column":5}},"29":{"start":{"line":94,"column":6},"end":{"line":94,"column":65}},"30":{"start":{"line":97,"column":4},"end":{"line":97,"column":18}},"31":{"start":{"line":100,"column":4},"end":{"line":100,"column":51}},"32":{"start":{"line":101,"column":4},"end":{"line":101,"column":59}}},"fnMap":{"0":{"name":"(anonymous_0)","decl":{"start":{"line":10,"column":17},"end":{"line":10,"column":18}},"loc":{"start":{"line":10,"column":37},"end":{"line":65,"column":1}},"line":10},"1":{"name":"(anonymous_1)","decl":{"start":{"line":68,"column":19},"end":{"line":68,"column":20}},"loc":{"start":{"line":68,"column":39},"end":{"line":103,"column":1}},"line":68}},"branchMap":{"0":{"loc":{"start":{"line":14,"column":2},"end":{"line":16,"column":3}},"type":"if","locations":[{"start":{"line":14,"column":2},"end":{"line":16,"column":3}},{"start":{},"end":{}}],"line":14},"1":{"loc":{"start":{"line":38,"column":4},"end":{"line":44,"column":5}},"type":"if","locations":[{"start":{"line":38,"column":4},"end":{"line":44,"column":5}},{"start":{},"end":{}}],"line":38},"2":{"loc":{"start":{"line":74,"column":4},"end":{"line":76,"column":5}},"type":"if","locations":[{"start":{"line":74,"column":4},"end":{"line":76,"column":5}},{"start":{},"end":{}}],"line":74},"3":{"loc":{"start":{"line":86,"column":4},"end":{"line":88,"column":5}},"type":"if","locations":[{"start":{"line":86,"column":4},"end":{"line":88,"column":5}},{"start":{},"end":{}}],"line":86},"4":{"loc":{"start":{"line":93,"column":4},"end":{"line":95,"column":5}},"type":"if","locations":[{"start":{"line":93,"column":4},"end":{"line":95,"column":5}},{"start":{},"end":{}}],"line":93},"5":{"loc":{"start":{"line":93,"column":8},"end":{"line":93,"column":60}},"type":"binary-expr","locations":[{"start":{"line":93,"column":8},"end":{"line":93,"column":33}},{"start":{"line":93,"column":37},"end":{"line":93,"column":60}}],"line":93}},"s":{"0":1,"1":1,"2":4,"3":4,"4":1,"5":3,"6":3,"7":1,"8":2,"9":2,"10":2,"11":1,"12":1,"13":1,"14":1,"15":1,"16":0,"17":0,"18":1,"19":5,"20":5,"21":5,"22":5,"23":1,"24":4,"25":4,"26":1,"27":3,"28":3,"29":2,"30":3,"31":0,"32":0},"f":{"0":4,"1":5},"b":{"0":[1,3],"1":[1,1],"2":[1,4],"3":[1,3],"4":[2,1],"5":[3,1]},"inputSourceMap":null,"_coverageSchema":"1a1c01bbd47fc00a2c39e90264f33305004495a9","hash":"4f3587684b08bb6aeb4cead5fec905866298141c"}
,"/Users/shubhkapadia/Desktop/Development/SEO Audit Engine/seo-audit-engine/api/src/routes/stream.js": {"path":"/Users/shubhkapadia/Desktop/Development/SEO Audit Engine/seo-audit-engine/api/src/routes/stream.js","statementMap":{"0":{"start":{"line":4,"column":15},"end":{"line":4,"column":23}},"1":{"start":{"line":7,"column":0},"end":{"line":63,"column":3}},"2":{"start":{"line":8,"column":17},"end":{"line":8,"column":27}},"3":{"start":{"line":11,"column":2},"end":{"line":11,"column":53}},"4":{"start":{"line":12,"column":2},"end":{"line":12,"column":45}},"5":{"start":{"line":13,"column":2},"end":{"line":13,"column":44}},"6":{"start":{"line":14,"column":2},"end":{"line":14,"column":52}},"7":{"start":{"line":15,"column":2},"end":{"line":15,"column":21}},"8":{"start":{"line":17,"column":20},"end":{"line":19,"column":3}},"9":{"start":{"line":18,"column":4},"end":{"line":18,"column":51}},"10":{"start":{"line":22,"column":19},"end":{"line":51,"column":10}},"11":{"start":{"line":23,"column":4},"end":{"line":50,"column":5}},"12":{"start":{"line":24,"column":23},"end":{"line":29,"column":7}},"13":{"start":{"line":31,"column":6},"end":{"line":35,"column":7}},"14":{"start":{"line":32,"column":8},"end":{"line":32,"column":46}},"15":{"start":{"line":33,"column":8},"end":{"line":33,"column":32}},"16":{"start":{"line":34,"column":8},"end":{"line":34,"column":25}},"17":{"start":{"line":37,"column":18},"end":{"line":37,"column":25}},"18":{"start":{"line":38,"column":6},"end":{"line":38,"column":21}},"19":{"start":{"line":41,"column":6},"end":{"line":44,"column":7}},"20":{"start":{"line":42,"column":8},"end":{"line":42,"column":32}},"21":{"start":{"line":43,"column":8},"end":{"line":43,"column":18}},"22":{"start":{"line":47,"column":6},"end":{"line":47,"column":47}},"23":{"start":{"line":48,"column":6},"end":{"line":48,"column":30}},"24":{"start":{"line":49,"column":6},"end":{"line":49,"column":16}},"25":{"start":{"line":54,"column":20},"end":{"line":56,"column":11}},"26":{"start":{"line":55,"column":4},"end":{"line":55,"column":43}},"27":{"start":{"line":59,"column":2},"end":{"line":62,"column":5}},"28":{"start":{"line":60,"column":4},"end":{"line":60,"column":28}},"29":{"start":{"line":61,"column":4},"end":{"line":61,"column":29}}},"fnMap":{"0":{"name":"(anonymous_0)","decl":{"start":{"line":7,"column":19},"end":{"line":7,"column":20}},"loc":{"start":{"line":7,"column":39},"end":{"line":63,"column":1}},"line":7},"1":{"name":"(anonymous_1)","decl":{"start":{"line":17,"column":20},"end":{"line":17,"column":21}},"loc":{"start":{"line":17,"column":30},"end":{"line":19,"column":3}},"line":17},"2":{"name":"(anonymous_2)","decl":{"start":{"line":22,"column":31},"end":{"line":22,"column":32}},"loc":{"start":{"line":22,"column":43},"end":{"line":51,"column":3}},"line":22},"3":{"name":"(anonymous_3)","decl":{"start":{"line":54,"column":32},"end":{"line":54,"column":33}},"loc":{"start":{"line":54,"column":38},"end":{"line":56,"column":3}},"line":54},"4":{"name":"(anonymous_4)","decl":{"start":{"line":59,"column":18},"end":{"line":59,"column":19}},"loc":{"start":{"line":59,"column":24},"end":{"line":62,"column":3}},"line":59}},"branchMap":{"0":{"loc":{"start":{"line":31,"column":6},"end":{"line":35,"column":7}},"type":"if","locations":[{"start":{"line":31,"column":6},"end":{"line":35,"column":7}},{"start":{},"end":{}}],"line":31},"1":{"loc":{"start":{"line":41,"column":6},"end":{"line":44,"column":7}},"type":"if","locations":[{"start":{"line":41,"column":6},"end":{"line":44,"column":7}},{"start":{},"end":{}}],"line":41},"2":{"loc":{"start":{"line":41,"column":10},"end":{"line":41,"column":62}},"type":"binary-expr","locations":[{"start":{"line":41,"column":10},"end":{"line":41,"column":35}},{"start":{"line":41,"column":39},"end":{"line":41,"column":62}}],"line":41}},"s":{"0":0,"1":0,"2":0,"3":0,"4":0,"5":0,"6":0,"7":0,"8":0,"9":0,"10":0,"11":0,"12":0,"13":0,"14":0,"15":0,"16":0,"17":0,"18":0,"19":0,"20":0,"21":0,"22":0,"23":0,"24":0,"25":0,"26":0,"27":0,"28":0,"29":0},"f":{"0":0,"1":0,"2":0,"3":0,"4":0},"b":{"0":[0,0],"1":[0,0],"2":[0,0]},"inputSourceMap":null}
}
