TN:
SF:src/db.js
FN:18,(anonymous_0)
FN:20,(anonymous_1)
FNF:2
FNH:0
FNDA:0,(anonymous_0)
FNDA:0,(anonymous_1)
DA:4,0
DA:6,0
DA:8,0
DA:18,0
DA:20,0
DA:21,0
DA:22,0
LF:7
LH:0
BRF:0
BRH:0
end_of_record
TN:
SF:src/index.js
FN:27,(anonymous_0)
FN:32,(anonymous_1)
FN:36,(anonymous_2)
FN:40,(anonymous_3)
FNF:4
FNH:0
FNDA:0,(anonymous_0)
FNDA:0,(anonymous_1)
FNDA:0,(anonymous_2)
FNDA:0,(anonymous_3)
DA:8,0
DA:10,0
DA:11,0
DA:14,0
DA:19,0
DA:22,0
DA:23,0
DA:24,0
DA:27,0
DA:28,0
DA:32,0
DA:33,0
DA:36,0
DA:37,0
DA:40,0
DA:41,0
LF:16
LH:0
BRDA:11,0,0,0
BRDA:11,0,1,0
BRF:2
BRH:0
end_of_record
TN:
SF:src/queue.js
FNF:0
FNH:0
DA:5,1
DA:8,1
DA:12,1
LF:3
LH:3
BRF:0
BRH:0
end_of_record
TN:
SF:src/redis.js
FN:11,(anonymous_0)
FN:12,(anonymous_1)
FNF:2
FNH:0
FNDA:0,(anonymous_0)
FNDA:0,(anonymous_1)
DA:4,0
DA:6,0
DA:11,0
DA:12,0
LF:4
LH:0
BRF:0
BRH:0
end_of_record
TN:
SF:src/routes/history.js
FN:7,(anonymous_0)
FNF:1
FNH:1
FNDA:4,(anonymous_0)
DA:4,1
DA:7,1
DA:8,4
DA:9,4
DA:11,4
DA:12,4
DA:17,4
DA:19,4
DA:20,0
DA:21,0
DA:24,4
DA:25,4
DA:27,4
DA:28,4
DA:29,4
DA:31,4
DA:38,0
DA:39,0
LF:18
LH:14
BRDA:8,0,0,2
BRDA:19,1,0,0
BRDA:19,1,1,4
BRDA:33,2,0,1
BRDA:33,2,1,3
BRF:5
BRH:4
end_of_record
TN:
SF:src/routes/jobs.js
FN:10,(anonymous_0)
FN:68,(anonymous_1)
FNF:2
FNH:2
FNDA:4,(anonymous_0)
FNDA:5,(anonymous_1)
DA:7,1
DA:10,1
DA:11,4
DA:14,4
DA:15,1
DA:18,3
DA:19,3
DA:21,1
DA:24,2
DA:27,2
DA:38,2
DA:39,1
DA:47,1
DA:54,1
DA:57,1
DA:59,1
DA:62,0
DA:63,0
DA:68,1
DA:69,5
DA:71,5
DA:73,5
DA:74,5
DA:75,1
DA:78,4
DA:86,4
DA:87,1
DA:90,3
DA:93,3
DA:94,2
DA:97,3
DA:100,0
DA:101,0
LF:33
LH:29
BRDA:14,0,0,1
BRDA:14,0,1,3
BRDA:38,1,0,1
BRDA:38,1,1,1
BRDA:74,2,0,1
BRDA:74,2,1,4
BRDA:86,3,0,1
BRDA:86,3,1,3
BRDA:93,4,0,2
BRDA:93,4,1,1
BRDA:93,5,0,3
BRDA:93,5,1,1
BRF:12
BRH:12
end_of_record
TN:
SF:src/routes/stream.js
FN:7,(anonymous_0)
FN:17,(anonymous_1)
FN:22,(anonymous_2)
FN:54,(anonymous_3)
FN:59,(anonymous_4)
FNF:5
FNH:0
FNDA:0,(anonymous_0)
FNDA:0,(anonymous_1)
FNDA:0,(anonymous_2)
FNDA:0,(anonymous_3)
FNDA:0,(anonymous_4)
DA:4,0
DA:7,0
DA:8,0
DA:11,0
DA:12,0
DA:13,0
DA:14,0
DA:15,0
DA:17,0
DA:18,0
DA:22,0
DA:23,0
DA:24,0
DA:31,0
DA:32,0
DA:33,0
DA:34,0
DA:37,0
DA:38,0
DA:41,0
DA:42,0
DA:43,0
DA:47,0
DA:48,0
DA:49,0
DA:54,0
DA:55,0
DA:59,0
DA:60,0
DA:61,0
LF:30
LH:0
BRDA:31,0,0,0
BRDA:31,0,1,0
BRDA:41,1,0,0
BRDA:41,1,1,0
BRDA:41,2,0,0
BRDA:41,2,1,0
BRF:6
BRH:0
end_of_record
