<?xml version="1.0" encoding="UTF-8"?>
<coverage generated="1774989560428" clover="3.2.0">
  <project timestamp="1774989560428" name="All files">
    <metrics statements="141" coveredstatements="43" conditionals="40" coveredconditionals="23" methods="31" coveredmethods="8" elements="212" coveredelements="74" complexity="0" loc="141" ncloc="141" packages="2" files="8" classes="8"/>
    <package name="src">
      <metrics statements="47" coveredstatements="0" conditionals="0" coveredconditionals="0" methods="10" coveredmethods="0"/>
      <file name="db.js" path="/Users/shubhkapadia/Desktop/Development/SEO Audit Engine/seo-audit-engine/worker/src/db.js">
        <metrics statements="7" coveredstatements="0" conditionals="0" coveredconditionals="0" methods="2" coveredmethods="0"/>
        <line num="4" count="0" type="stmt"/>
        <line num="6" count="0" type="stmt"/>
        <line num="8" count="0" type="stmt"/>
        <line num="18" count="0" type="stmt"/>
        <line num="19" count="0" type="stmt"/>
        <line num="20" count="0" type="stmt"/>
        <line num="21" count="0" type="stmt"/>
      </file>
      <file name="index.js" path="/Users/shubhkapadia/Desktop/Development/SEO Audit Engine/seo-audit-engine/worker/src/index.js">
        <metrics statements="17" coveredstatements="0" conditionals="0" coveredconditionals="0" methods="6" coveredmethods="0"/>
        <line num="6" count="0" type="stmt"/>
        <line num="8" count="0" type="stmt"/>
        <line num="13" count="0" type="stmt"/>
        <line num="14" count="0" type="stmt"/>
        <line num="15" count="0" type="stmt"/>
        <line num="21" count="0" type="stmt"/>
        <line num="22" count="0" type="stmt"/>
        <line num="25" count="0" type="stmt"/>
        <line num="26" count="0" type="stmt"/>
        <line num="29" count="0" type="stmt"/>
        <line num="30" count="0" type="stmt"/>
        <line num="36" count="0" type="stmt"/>
        <line num="37" count="0" type="stmt"/>
        <line num="38" count="0" type="stmt"/>
        <line num="40" count="0" type="stmt"/>
        <line num="41" count="0" type="stmt"/>
        <line num="44" count="0" type="stmt"/>
      </file>
      <file name="processor.js" path="/Users/shubhkapadia/Desktop/Development/SEO Audit Engine/seo-audit-engine/worker/src/processor.js">
        <metrics statements="23" coveredstatements="0" conditionals="0" coveredconditionals="0" methods="2" coveredmethods="0"/>
        <line num="9" count="0" type="stmt"/>
        <line num="10" count="0" type="stmt"/>
        <line num="14" count="0" type="stmt"/>
        <line num="17" count="0" type="stmt"/>
        <line num="18" count="0" type="stmt"/>
        <line num="20" count="0" type="stmt"/>
        <line num="22" count="0" type="stmt"/>
        <line num="23" count="0" type="stmt"/>
        <line num="26" count="0" type="stmt"/>
        <line num="27" count="0" type="stmt"/>
        <line num="30" count="0" type="stmt"/>
        <line num="31" count="0" type="stmt"/>
        <line num="34" count="0" type="stmt"/>
        <line num="35" count="0" type="stmt"/>
        <line num="38" count="0" type="stmt"/>
        <line num="39" count="0" type="stmt"/>
        <line num="47" count="0" type="stmt"/>
        <line num="49" count="0" type="stmt"/>
        <line num="54" count="0" type="stmt"/>
        <line num="78" count="0" type="stmt"/>
        <line num="81" count="0" type="stmt"/>
        <line num="83" count="0" type="stmt"/>
        <line num="92" count="0" type="stmt"/>
      </file>
    </package>
    <package name="src.steps">
      <metrics statements="94" coveredstatements="43" conditionals="40" coveredconditionals="23" methods="21" coveredmethods="8"/>
      <file name="buildReport.js" path="/Users/shubhkapadia/Desktop/Development/SEO Audit Engine/seo-audit-engine/worker/src/steps/buildReport.js">
        <metrics statements="6" coveredstatements="6" conditionals="0" coveredconditionals="0" methods="4" coveredmethods="4"/>
        <line num="1" count="1" type="stmt"/>
        <line num="2" count="9" type="stmt"/>
        <line num="6" count="9" type="stmt"/>
        <line num="27" count="18" type="stmt"/>
        <line num="28" count="18" type="stmt"/>
        <line num="29" count="18" type="stmt"/>
      </file>
      <file name="crawlPage.js" path="/Users/shubhkapadia/Desktop/Development/SEO Audit Engine/seo-audit-engine/worker/src/steps/crawlPage.js">
        <metrics statements="24" coveredstatements="0" conditionals="8" coveredconditionals="0" methods="8" coveredmethods="0"/>
        <line num="3" count="0" type="stmt"/>
        <line num="4" count="0" type="stmt"/>
        <line num="5" count="0" type="stmt"/>
        <line num="7" count="0" type="stmt"/>
        <line num="8" count="0" type="stmt"/>
        <line num="11" count="0" type="stmt"/>
        <line num="12" count="0" type="stmt"/>
        <line num="13" count="0" type="cond" truecount="0" falsecount="2"/>
        <line num="14" count="0" type="stmt"/>
        <line num="16" count="0" type="stmt"/>
        <line num="20" count="0" type="stmt"/>
        <line num="25" count="0" type="stmt"/>
        <line num="26" count="0" type="stmt"/>
        <line num="29" count="0" type="stmt"/>
        <line num="30" count="0" type="stmt"/>
        <line num="31" count="0" type="stmt"/>
        <line num="32" count="0" type="cond" truecount="0" falsecount="2"/>
        <line num="35" count="0" type="stmt"/>
        <line num="38" count="0" type="stmt"/>
        <line num="39" count="0" type="stmt"/>
        <line num="40" count="0" type="stmt"/>
        <line num="44" count="0" type="stmt"/>
        <line num="55" count="0" type="stmt"/>
        <line num="58" count="0" type="stmt"/>
      </file>
      <file name="runAccessibility.js" path="/Users/shubhkapadia/Desktop/Development/SEO Audit Engine/seo-audit-engine/worker/src/steps/runAccessibility.js">
        <metrics statements="13" coveredstatements="0" conditionals="0" coveredconditionals="0" methods="3" coveredmethods="0"/>
        <line num="4" count="0" type="stmt"/>
        <line num="6" count="0" type="stmt"/>
        <line num="7" count="0" type="stmt"/>
        <line num="8" count="0" type="stmt"/>
        <line num="10" count="0" type="stmt"/>
        <line num="11" count="0" type="stmt"/>
        <line num="12" count="0" type="stmt"/>
        <line num="15" count="0" type="stmt"/>
        <line num="19" count="0" type="stmt"/>
        <line num="20" count="0" type="stmt"/>
        <line num="23" count="0" type="stmt"/>
        <line num="24" count="0" type="stmt"/>
        <line num="36" count="0" type="stmt"/>
      </file>
      <file name="runLighthouse.js" path="/Users/shubhkapadia/Desktop/Development/SEO Audit Engine/seo-audit-engine/worker/src/steps/runLighthouse.js">
        <metrics statements="14" coveredstatements="0" conditionals="8" coveredconditionals="0" methods="2" coveredmethods="0"/>
        <line num="1" count="0" type="stmt"/>
        <line num="2" count="0" type="stmt"/>
        <line num="4" count="0" type="stmt"/>
        <line num="6" count="0" type="stmt"/>
        <line num="7" count="0" type="stmt"/>
        <line num="8" count="0" type="stmt"/>
        <line num="10" count="0" type="stmt"/>
        <line num="15" count="0" type="stmt"/>
        <line num="17" count="0" type="stmt"/>
        <line num="18" count="0" type="stmt"/>
        <line num="21" count="0" type="cond" truecount="0" falsecount="2"/>
        <line num="26" count="0" type="stmt"/>
        <line num="39" count="0" type="stmt"/>
        <line num="40" count="0" type="stmt"/>
      </file>
      <file name="runSEOChecks.js" path="/Users/shubhkapadia/Desktop/Development/SEO Audit Engine/seo-audit-engine/worker/src/steps/runSEOChecks.js">
        <metrics statements="37" coveredstatements="37" conditionals="24" coveredconditionals="23" methods="4" coveredmethods="4"/>
        <line num="1" count="1" type="stmt"/>
        <line num="2" count="20" type="stmt"/>
        <line num="3" count="20" type="stmt"/>
        <line num="6" count="20" type="cond" truecount="2" falsecount="0"/>
        <line num="7" count="8" type="stmt"/>
        <line num="10" count="12" type="cond" truecount="2" falsecount="0"/>
        <line num="11" count="1" type="stmt"/>
        <line num="15" count="11" type="stmt"/>
        <line num="20" count="20" type="cond" truecount="2" falsecount="0"/>
        <line num="21" count="8" type="stmt"/>
        <line num="24" count="12" type="cond" truecount="2" falsecount="0"/>
        <line num="25" count="1" type="stmt"/>
        <line num="29" count="11" type="stmt"/>
        <line num="34" count="20" type="cond" truecount="2" falsecount="0"/>
        <line num="35" count="8" type="stmt"/>
        <line num="38" count="12" type="cond" truecount="2" falsecount="0"/>
        <line num="39" count="1" type="stmt"/>
        <line num="43" count="11" type="stmt"/>
        <line num="48" count="20" type="stmt"/>
        <line num="49" count="40" type="cond" truecount="2" falsecount="0"/>
        <line num="51" count="20" type="cond" truecount="2" falsecount="0"/>
        <line num="52" count="8" type="stmt"/>
        <line num="55" count="12" type="cond" truecount="1" falsecount="1"/>
        <line num="56" count="12" type="stmt"/>
        <line num="61" count="20" type="cond" truecount="2" falsecount="0"/>
        <line num="62" count="8" type="stmt"/>
        <line num="66" count="12" type="stmt"/>
        <line num="71" count="20" type="cond" truecount="2" falsecount="0"/>
        <line num="72" count="8" type="stmt"/>
        <line num="76" count="12" type="stmt"/>
        <line num="81" count="20" type="cond" truecount="2" falsecount="0"/>
        <line num="82" count="8" type="stmt"/>
        <line num="86" count="12" type="stmt"/>
        <line num="91" count="140" type="stmt"/>
        <line num="92" count="140" type="stmt"/>
        <line num="93" count="20" type="stmt"/>
        <line num="95" count="20" type="stmt"/>
      </file>
    </package>
  </project>
</coverage>
