{"/Users/shubhkapadia/Desktop/Development/SEO Audit Engine/seo-audit-engine/worker/src/db.js": {"path":"/Users/shubhkapadia/Desktop/Development/SEO Audit Engine/seo-audit-engine/worker/src/db.js","statementMap":{"0":{"start":{"line":4,"column":0},"end":{"line":4,"column":16}},"1":{"start":{"line":6,"column":17},"end":{"line":6,"column":20}},"2":{"start":{"line":8,"column":13},"end":{"line":16,"column":2}},"3":{"start":{"line":18,"column":0},"end":{"line":18,"column":70}},"4":{"start":{"line":18,"column":25},"end":{"line":18,"column":68}},"5":{"start":{"line":19,"column":0},"end":{"line":22,"column":3}},"6":{"start":{"line":20,"column":2},"end":{"line":20,"column":47}},"7":{"start":{"line":21,"column":2},"end":{"line":21,"column":19}}},"fnMap":{"0":{"name":"(anonymous_0)","decl":{"start":{"line":18,"column":19},"end":{"line":18,"column":20}},"loc":{"start":{"line":18,"column":25},"end":{"line":18,"column":68}},"line":18},"1":{"name":"(anonymous_1)","decl":{"start":{"line":19,"column":17},"end":{"line":19,"column":18}},"loc":{"start":{"line":19,"column":26},"end":{"line":22,"column":1}},"line":19}},"branchMap":{},"s":{"0":0,"1":0,"2":0,"3":0,"4":0,"5":0,"6":0,"7":0},"f":{"0":0,"1":0},"b":{},"inputSourceMap":null}
,"/Users/shubhkapadia/Desktop/Development/SEO Audit Engine/seo-audit-engine/worker/src/index.js": {"path":"/Users/shubhkapadia/Desktop/Development/SEO Audit Engine/seo-audit-engine/worker/src/index.js","statementMap":{"0":{"start":{"line":6,"column":0},"end":{"line":6,"column":16}},"1":{"start":{"line":8,"column":19},"end":{"line":11,"column":2}},"2":{"start":{"line":13,"column":15},"end":{"line":19,"column":2}},"3":{"start":{"line":14,"column":2},"end":{"line":14,"column":68}},"4":{"start":{"line":15,"column":2},"end":{"line":15,"column":49}},"5":{"start":{"line":21,"column":0},"end":{"line":23,"column":3}},"6":{"start":{"line":22,"column":2},"end":{"line":22,"column":54}},"7":{"start":{"line":25,"column":0},"end":{"line":27,"column":3}},"8":{"start":{"line":26,"column":2},"end":{"line":26,"column":54}},"9":{"start":{"line":29,"column":0},"end":{"line":31,"column":3}},"10":{"start":{"line":30,"column":2},"end":{"line":30,"column":38}},"11":{"start":{"line":36,"column":15},"end":{"line":39,"column":2}},"12":{"start":{"line":37,"column":2},"end":{"line":37,"column":21}},"13":{"start":{"line":38,"column":2},"end":{"line":38,"column":31}},"14":{"start":{"line":40,"column":0},"end":{"line":42,"column":3}},"15":{"start":{"line":41,"column":2},"end":{"line":41,"column":51}},"16":{"start":{"line":44,"column":0},"end":{"line":44,"column":57}}},"fnMap":{"0":{"name":"(anonymous_0)","decl":{"start":{"line":13,"column":40},"end":{"line":13,"column":41}},"loc":{"start":{"line":13,"column":55},"end":{"line":16,"column":1}},"line":13},"1":{"name":"(anonymous_1)","decl":{"start":{"line":21,"column":23},"end":{"line":21,"column":24}},"loc":{"start":{"line":21,"column":32},"end":{"line":23,"column":1}},"line":21},"2":{"name":"(anonymous_2)","decl":{"start":{"line":25,"column":20},"end":{"line":25,"column":21}},"loc":{"start":{"line":25,"column":34},"end":{"line":27,"column":1}},"line":25},"3":{"name":"(anonymous_3)","decl":{"start":{"line":29,"column":19},"end":{"line":29,"column":20}},"loc":{"start":{"line":29,"column":28},"end":{"line":31,"column":1}},"line":29},"4":{"name":"(anonymous_4)","decl":{"start":{"line":36,"column":33},"end":{"line":36,"column":34}},"loc":{"start":{"line":36,"column":47},"end":{"line":39,"column":1}},"line":36},"5":{"name":"(anonymous_5)","decl":{"start":{"line":40,"column":31},"end":{"line":40,"column":32}},"loc":{"start":{"line":40,"column":37},"end":{"line":42,"column":1}},"line":40}},"branchMap":{},"s":{"0":0,"1":0,"2":0,"3":0,"4":0,"5":0,"6":0,"7":0,"8":0,"9":0,"10":0,"11":0,"12":0,"13":0,"14":0,"15":0,"16":0},"f":{"0":0,"1":0,"2":0,"3":0,"4":0,"5":0},"b":{},"inputSourceMap":null}
,"/Users/shubhkapadia/Desktop/Development/SEO Audit Engine/seo-audit-engine/worker/src/processor.js": {"path":"/Users/shubhkapadia/Desktop/Development/SEO Audit Engine/seo-audit-engine/worker/src/processor.js","statementMap":{"0":{"start":{"line":9,"column":21},"end":{"line":15,"column":1}},"1":{"start":{"line":10,"column":2},"end":{"line":13,"column":4}},"2":{"start":{"line":14,"column":2},"end":{"line":14,"column":47}},"3":{"start":{"line":17,"column":26},"end":{"line":94,"column":1}},"4":{"start":{"line":18,"column":20},"end":{"line":18,"column":30}},"5":{"start":{"line":20,"column":2},"end":{"line":93,"column":3}},"6":{"start":{"line":22,"column":4},"end":{"line":22,"column":42}},"7":{"start":{"line":23,"column":21},"end":{"line":23,"column":41}},"8":{"start":{"line":26,"column":4},"end":{"line":26,"column":53}},"9":{"start":{"line":27,"column":27},"end":{"line":27,"column":51}},"10":{"start":{"line":30,"column":4},"end":{"line":30,"column":56}},"11":{"start":{"line":31,"column":30},"end":{"line":31,"column":72}},"12":{"start":{"line":34,"column":4},"end":{"line":34,"column":46}},"13":{"start":{"line":35,"column":20},"end":{"line":35,"column":53}},"14":{"start":{"line":38,"column":4},"end":{"line":38,"column":49}},"15":{"start":{"line":39,"column":19},"end":{"line":44,"column":6}},"16":{"start":{"line":47,"column":29},"end":{"line":47,"column":51}},"17":{"start":{"line":49,"column":6},"end":{"line":51,"column":30}},"18":{"start":{"line":54,"column":4},"end":{"line":76,"column":6}},"19":{"start":{"line":78,"column":4},"end":{"line":78,"column":64}},"20":{"start":{"line":81,"column":4},"end":{"line":81,"column":61}},"21":{"start":{"line":83,"column":4},"end":{"line":90,"column":6}},"22":{"start":{"line":92,"column":4},"end":{"line":92,"column":14}}},"fnMap":{"0":{"name":"(anonymous_0)","decl":{"start":{"line":9,"column":21},"end":{"line":9,"column":22}},"loc":{"start":{"line":9,"column":46},"end":{"line":15,"column":1}},"line":9},"1":{"name":"(anonymous_1)","decl":{"start":{"line":17,"column":26},"end":{"line":17,"column":27}},"loc":{"start":{"line":17,"column":48},"end":{"line":94,"column":1}},"line":17}},"branchMap":{},"s":{"0":0,"1":0,"2":0,"3":0,"4":0,"5":0,"6":0,"7":0,"8":0,"9":0,"10":0,"11":0,"12":0,"13":0,"14":0,"15":0,"16":0,"17":0,"18":0,"19":0,"20":0,"21":0,"22":0},"f":{"0":0,"1":0},"b":{},"inputSourceMap":null}
,"/Users/shubhkapadia/Desktop/Development/SEO Audit Engine/seo-audit-engine/worker/src/steps/buildReport.js": {"path":"/Users/shubhkapadia/Desktop/Development/SEO Audit Engine/seo-audit-engine/worker/src/steps/buildReport.js","statementMap":{"0":{"start":{"line":1,"column":27},"end":{"line":32,"column":1}},"1":{"start":{"line":2,"column":23},"end":{"line":4,"column":3}},"2":{"start":{"line":6,"column":2},"end":{"line":31,"column":4}},"3":{"start":{"line":27,"column":43},"end":{"line":27,"column":62}},"4":{"start":{"line":28,"column":43},"end":{"line":28,"column":62}},"5":{"start":{"line":29,"column":41},"end":{"line":29,"column":60}}},"fnMap":{"0":{"name":"(anonymous_0)","decl":{"start":{"line":1,"column":27},"end":{"line":1,"column":28}},"loc":{"start":{"line":1,"column":84},"end":{"line":32,"column":1}},"line":1},"1":{"name":"(anonymous_1)","decl":{"start":{"line":27,"column":38},"end":{"line":27,"column":39}},"loc":{"start":{"line":27,"column":43},"end":{"line":27,"column":62}},"line":27},"2":{"name":"(anonymous_2)","decl":{"start":{"line":28,"column":38},"end":{"line":28,"column":39}},"loc":{"start":{"line":28,"column":43},"end":{"line":28,"column":62}},"line":28},"3":{"name":"(anonymous_3)","decl":{"start":{"line":29,"column":36},"end":{"line":29,"column":37}},"loc":{"start":{"line":29,"column":41},"end":{"line":29,"column":60}},"line":29}},"branchMap":{},"s":{"0":1,"1":9,"2":9,"3":18,"4":18,"5":18},"f":{"0":9,"1":18,"2":18,"3":18},"b":{},"inputSourceMap":null,"_coverageSchema":"1a1c01bbd47fc00a2c39e90264f33305004495a9","hash":"933dbdd2e59c2bafd54d5eee3f71f96c8b7d7869"}
,"/Users/shubhkapadia/Desktop/Development/SEO Audit Engine/seo-audit-engine/worker/src/steps/crawlPage.js": {"path":"/Users/shubhkapadia/Desktop/Development/SEO Audit Engine/seo-audit-engine/worker/src/steps/crawlPage.js","statementMap":{"0":{"start":{"line":3,"column":25},"end":{"line":60,"column":1}},"1":{"start":{"line":4,"column":2},"end":{"line":4,"column":36}},"2":{"start":{"line":5,"column":18},"end":{"line":5,"column":59}},"3":{"start":{"line":7,"column":2},"end":{"line":59,"column":3}},"4":{"start":{"line":8,"column":17},"end":{"line":8,"column":40}},"5":{"start":{"line":11,"column":4},"end":{"line":18,"column":7}},"6":{"start":{"line":12,"column":27},"end":{"line":12,"column":57}},"7":{"start":{"line":13,"column":6},"end":{"line":17,"column":7}},"8":{"start":{"line":14,"column":8},"end":{"line":14,"column":22}},"9":{"start":{"line":16,"column":8},"end":{"line":16,"column":25}},"10":{"start":{"line":20,"column":21},"end":{"line":23,"column":6}},"11":{"start":{"line":25,"column":23},"end":{"line":25,"column":40}},"12":{"start":{"line":26,"column":17},"end":{"line":26,"column":37}},"13":{"start":{"line":29,"column":21},"end":{"line":53,"column":6}},"14":{"start":{"line":30,"column":22},"end":{"line":33,"column":7}},"15":{"start":{"line":31,"column":19},"end":{"line":31,"column":91}},"16":{"start":{"line":32,"column":8},"end":{"line":32,"column":54}},"17":{"start":{"line":35,"column":6},"end":{"line":52,"column":8}},"18":{"start":{"line":38,"column":67},"end":{"line":38,"column":88}},"19":{"start":{"line":39,"column":67},"end":{"line":39,"column":88}},"20":{"start":{"line":40,"column":73},"end":{"line":43,"column":9}},"21":{"start":{"line":44,"column":74},"end":{"line":47,"column":9}},"22":{"start":{"line":55,"column":4},"end":{"line":55,"column":50}},"23":{"start":{"line":58,"column":4},"end":{"line":58,"column":26}}},"fnMap":{"0":{"name":"(anonymous_0)","decl":{"start":{"line":3,"column":25},"end":{"line":3,"column":26}},"loc":{"start":{"line":3,"column":40},"end":{"line":60,"column":1}},"line":3},"1":{"name":"(anonymous_1)","decl":{"start":{"line":11,"column":29},"end":{"line":11,"column":30}},"loc":{"start":{"line":11,"column":40},"end":{"line":18,"column":5}},"line":11},"2":{"name":"(anonymous_2)","decl":{"start":{"line":29,"column":41},"end":{"line":29,"column":42}},"loc":{"start":{"line":29,"column":47},"end":{"line":53,"column":5}},"line":29},"3":{"name":"(anonymous_3)","decl":{"start":{"line":30,"column":22},"end":{"line":30,"column":23}},"loc":{"start":{"line":30,"column":32},"end":{"line":33,"column":7}},"line":30},"4":{"name":"(anonymous_4)","decl":{"start":{"line":38,"column":61},"end":{"line":38,"column":62}},"loc":{"start":{"line":38,"column":67},"end":{"line":38,"column":88}},"line":38},"5":{"name":"(anonymous_5)","decl":{"start":{"line":39,"column":61},"end":{"line":39,"column":62}},"loc":{"start":{"line":39,"column":67},"end":{"line":39,"column":88}},"line":39},"6":{"name":"(anonymous_6)","decl":{"start":{"line":40,"column":65},"end":{"line":40,"column":66}},"loc":{"start":{"line":40,"column":73},"end":{"line":43,"column":9}},"line":40},"7":{"name":"(anonymous_7)","decl":{"start":{"line":44,"column":68},"end":{"line":44,"column":69}},"loc":{"start":{"line":44,"column":74},"end":{"line":47,"column":9}},"line":44}},"branchMap":{"0":{"loc":{"start":{"line":13,"column":6},"end":{"line":17,"column":7}},"type":"if","locations":[{"start":{"line":13,"column":6},"end":{"line":17,"column":7}},{"start":{"line":15,"column":13},"end":{"line":17,"column":7}}],"line":13},"1":{"loc":{"start":{"line":32,"column":15},"end":{"line":32,"column":53}},"type":"cond-expr","locations":[{"start":{"line":32,"column":20},"end":{"line":32,"column":46}},{"start":{"line":32,"column":49},"end":{"line":32,"column":53}}],"line":32},"2":{"loc":{"start":{"line":48,"column":19},"end":{"line":48,"column":80}},"type":"binary-expr","locations":[{"start":{"line":48,"column":19},"end":{"line":48,"column":72}},{"start":{"line":48,"column":76},"end":{"line":48,"column":80}}],"line":48},"3":{"loc":{"start":{"line":51,"column":14},"end":{"line":51,"column":51}},"type":"binary-expr","locations":[{"start":{"line":51,"column":14},"end":{"line":51,"column":43}},{"start":{"line":51,"column":47},"end":{"line":51,"column":51}}],"line":51}},"s":{"0":0,"1":0,"2":0,"3":0,"4":0,"5":0,"6":0,"7":0,"8":0,"9":0,"10":0,"11":0,"12":0,"13":0,"14":0,"15":0,"16":0,"17":0,"18":0,"19":0,"20":0,"21":0,"22":0,"23":0},"f":{"0":0,"1":0,"2":0,"3":0,"4":0,"5":0,"6":0,"7":0},"b":{"0":[0,0],"1":[0,0],"2":[0,0],"3":[0,0]},"inputSourceMap":null}
,"/Users/shubhkapadia/Desktop/Development/SEO Audit Engine/seo-audit-engine/worker/src/steps/runAccessibility.js": {"path":"/Users/shubhkapadia/Desktop/Development/SEO Audit Engine/seo-audit-engine/worker/src/steps/runAccessibility.js","statementMap":{"0":{"start":{"line":4,"column":16},"end":{"line":4,"column":46}},"1":{"start":{"line":6,"column":32},"end":{"line":38,"column":1}},"2":{"start":{"line":7,"column":2},"end":{"line":7,"column":59}},"3":{"start":{"line":8,"column":18},"end":{"line":8,"column":59}},"4":{"start":{"line":10,"column":2},"end":{"line":37,"column":3}},"5":{"start":{"line":11,"column":17},"end":{"line":11,"column":40}},"6":{"start":{"line":12,"column":4},"end":{"line":12,"column":67}},"7":{"start":{"line":15,"column":4},"end":{"line":17,"column":7}},"8":{"start":{"line":19,"column":20},"end":{"line":21,"column":6}},"9":{"start":{"line":20,"column":6},"end":{"line":20,"column":29}},"10":{"start":{"line":23,"column":4},"end":{"line":33,"column":6}},"11":{"start":{"line":24,"column":47},"end":{"line":30,"column":7}},"12":{"start":{"line":36,"column":4},"end":{"line":36,"column":26}}},"fnMap":{"0":{"name":"(anonymous_0)","decl":{"start":{"line":6,"column":32},"end":{"line":6,"column":33}},"loc":{"start":{"line":6,"column":53},"end":{"line":38,"column":1}},"line":6},"1":{"name":"(anonymous_1)","decl":{"start":{"line":19,"column":40},"end":{"line":19,"column":41}},"loc":{"start":{"line":19,"column":52},"end":{"line":21,"column":5}},"line":19},"2":{"name":"(anonymous_2)","decl":{"start":{"line":24,"column":41},"end":{"line":24,"column":42}},"loc":{"start":{"line":24,"column":47},"end":{"line":30,"column":7}},"line":24}},"branchMap":{},"s":{"0":0,"1":0,"2":0,"3":0,"4":0,"5":0,"6":0,"7":0,"8":0,"9":0,"10":0,"11":0,"12":0},"f":{"0":0,"1":0,"2":0},"b":{},"inputSourceMap":null}
,"/Users/shubhkapadia/Desktop/Development/SEO Audit Engine/seo-audit-engine/worker/src/steps/runLighthouse.js": {"path":"/Users/shubhkapadia/Desktop/Development/SEO Audit Engine/seo-audit-engine/worker/src/steps/runLighthouse.js","statementMap":{"0":{"start":{"line":1,"column":29},"end":{"line":52,"column":1}},"1":{"start":{"line":2,"column":2},"end":{"line":2,"column":56}},"2":{"start":{"line":4,"column":16},"end":{"line":4,"column":26}},"3":{"start":{"line":6,"column":2},"end":{"line":51,"column":3}},"4":{"start":{"line":7,"column":23},"end":{"line":7,"column":44}},"5":{"start":{"line":8,"column":20},"end":{"line":8,"column":63}},"6":{"start":{"line":8,"column":37},"end":{"line":8,"column":55}},"7":{"start":{"line":10,"column":21},"end":{"line":13,"column":6}},"8":{"start":{"line":15,"column":4},"end":{"line":15,"column":26}},"9":{"start":{"line":17,"column":17},"end":{"line":17,"column":38}},"10":{"start":{"line":18,"column":21},"end":{"line":18,"column":39}},"11":{"start":{"line":21,"column":18},"end":{"line":24,"column":43}},"12":{"start":{"line":26,"column":4},"end":{"line":36,"column":6}},"13":{"start":{"line":39,"column":4},"end":{"line":39,"column":65}},"14":{"start":{"line":40,"column":4},"end":{"line":50,"column":6}}},"fnMap":{"0":{"name":"(anonymous_0)","decl":{"start":{"line":1,"column":29},"end":{"line":1,"column":30}},"loc":{"start":{"line":1,"column":44},"end":{"line":52,"column":1}},"line":1},"1":{"name":"(anonymous_1)","decl":{"start":{"line":8,"column":31},"end":{"line":8,"column":32}},"loc":{"start":{"line":8,"column":37},"end":{"line":8,"column":55}},"line":8}},"branchMap":{"0":{"loc":{"start":{"line":21,"column":18},"end":{"line":24,"column":43}},"type":"cond-expr","locations":[{"start":{"line":21,"column":36},"end":{"line":21,"column":38}},{"start":{"line":22,"column":18},"end":{"line":24,"column":43}}],"line":21},"1":{"loc":{"start":{"line":22,"column":18},"end":{"line":24,"column":43}},"type":"cond-expr","locations":[{"start":{"line":22,"column":36},"end":{"line":22,"column":38}},{"start":{"line":23,"column":18},"end":{"line":24,"column":43}}],"line":22},"2":{"loc":{"start":{"line":23,"column":18},"end":{"line":24,"column":43}},"type":"cond-expr","locations":[{"start":{"line":23,"column":36},"end":{"line":23,"column":38}},{"start":{"line":24,"column":18},"end":{"line":24,"column":43}}],"line":23},"3":{"loc":{"start":{"line":24,"column":18},"end":{"line":24,"column":43}},"type":"cond-expr","locations":[{"start":{"line":24,"column":36},"end":{"line":24,"column":38}},{"start":{"line":24,"column":41},"end":{"line":24,"column":43}}],"line":24}},"s":{"0":0,"1":0,"2":0,"3":0,"4":0,"5":0,"6":0,"7":0,"8":0,"9":0,"10":0,"11":0,"12":0,"13":0,"14":0},"f":{"0":0,"1":0},"b":{"0":[0,0],"1":[0,0],"2":[0,0],"3":[0,0]},"inputSourceMap":null}
,"/Users/shubhkapadia/Desktop/Development/SEO Audit Engine/seo-audit-engine/worker/src/steps/runSEOChecks.js": {"path":"/Users/shubhkapadia/Desktop/Development/SEO Audit Engine/seo-audit-engine/worker/src/steps/runSEOChecks.js","statementMap":{"0":{"start":{"line":1,"column":28},"end":{"line":96,"column":1}},"1":{"start":{"line":2,"column":2},"end":{"line":2,"column":49}},"2":{"start":{"line":3,"column":17},"end":{"line":3,"column":19}},"3":{"start":{"line":6,"column":2},"end":{"line":17,"column":3}},"4":{"start":{"line":7,"column":4},"end":{"line":9,"column":73}},"5":{"start":{"line":10,"column":9},"end":{"line":17,"column":3}},"6":{"start":{"line":11,"column":4},"end":{"line":13,"column":63}},"7":{"start":{"line":15,"column":4},"end":{"line":16,"column":73}},"8":{"start":{"line":20,"column":2},"end":{"line":31,"column":3}},"9":{"start":{"line":21,"column":4},"end":{"line":23,"column":75}},"10":{"start":{"line":24,"column":9},"end":{"line":31,"column":3}},"11":{"start":{"line":25,"column":4},"end":{"line":27,"column":64}},"12":{"start":{"line":29,"column":4},"end":{"line":30,"column":78}},"13":{"start":{"line":34,"column":2},"end":{"line":45,"column":3}},"14":{"start":{"line":35,"column":4},"end":{"line":37,"column":66}},"15":{"start":{"line":38,"column":9},"end":{"line":45,"column":3}},"16":{"start":{"line":39,"column":4},"end":{"line":41,"column":64}},"17":{"start":{"line":43,"column":4},"end":{"line":44,"column":74}},"18":{"start":{"line":48,"column":27},"end":{"line":50,"column":3}},"19":{"start":{"line":49,"column":4},"end":{"line":49,"column":45}},"20":{"start":{"line":51,"column":2},"end":{"line":58,"column":3}},"21":{"start":{"line":52,"column":4},"end":{"line":54,"column":74}},"22":{"start":{"line":55,"column":9},"end":{"line":58,"column":3}},"23":{"start":{"line":56,"column":4},"end":{"line":57,"column":85}},"24":{"start":{"line":61,"column":2},"end":{"line":68,"column":3}},"25":{"start":{"line":62,"column":4},"end":{"line":64,"column":67}},"26":{"start":{"line":66,"column":4},"end":{"line":67,"column":56}},"27":{"start":{"line":71,"column":2},"end":{"line":78,"column":3}},"28":{"start":{"line":72,"column":4},"end":{"line":74,"column":87}},"29":{"start":{"line":76,"column":4},"end":{"line":77,"column":60}},"30":{"start":{"line":81,"column":2},"end":{"line":88,"column":3}},"31":{"start":{"line":82,"column":4},"end":{"line":84,"column":74}},"32":{"start":{"line":86,"column":4},"end":{"line":87,"column":75}},"33":{"start":{"line":91,"column":19},"end":{"line":91,"column":65}},"34":{"start":{"line":91,"column":38},"end":{"line":91,"column":57}},"35":{"start":{"line":92,"column":19},"end":{"line":92,"column":65}},"36":{"start":{"line":92,"column":38},"end":{"line":92,"column":57}},"37":{"start":{"line":93,"column":16},"end":{"line":93,"column":67}},"38":{"start":{"line":95,"column":2},"end":{"line":95,"column":27}}},"fnMap":{"0":{"name":"(anonymous_0)","decl":{"start":{"line":1,"column":28},"end":{"line":1,"column":29}},"loc":{"start":{"line":1,"column":53},"end":{"line":96,"column":1}},"line":1},"1":{"name":"(anonymous_1)","decl":{"start":{"line":48,"column":50},"end":{"line":48,"column":51}},"loc":{"start":{"line":49,"column":4},"end":{"line":49,"column":45}},"line":49},"2":{"name":"(anonymous_2)","decl":{"start":{"line":91,"column":33},"end":{"line":91,"column":34}},"loc":{"start":{"line":91,"column":38},"end":{"line":91,"column":57}},"line":91},"3":{"name":"(anonymous_3)","decl":{"start":{"line":92,"column":33},"end":{"line":92,"column":34}},"loc":{"start":{"line":92,"column":38},"end":{"line":92,"column":57}},"line":92}},"branchMap":{"0":{"loc":{"start":{"line":6,"column":2},"end":{"line":17,"column":3}},"type":"if","locations":[{"start":{"line":6,"column":2},"end":{"line":17,"column":3}},{"start":{"line":10,"column":9},"end":{"line":17,"column":3}}],"line":6},"1":{"loc":{"start":{"line":10,"column":9},"end":{"line":17,"column":3}},"type":"if","locations":[{"start":{"line":10,"column":9},"end":{"line":17,"column":3}},{"start":{"line":14,"column":9},"end":{"line":17,"column":3}}],"line":10},"2":{"loc":{"start":{"line":20,"column":2},"end":{"line":31,"column":3}},"type":"if","locations":[{"start":{"line":20,"column":2},"end":{"line":31,"column":3}},{"start":{"line":24,"column":9},"end":{"line":31,"column":3}}],"line":20},"3":{"loc":{"start":{"line":24,"column":9},"end":{"line":31,"column":3}},"type":"if","locations":[{"start":{"line":24,"column":9},"end":{"line":31,"column":3}},{"start":{"line":28,"column":9},"end":{"line":31,"column":3}}],"line":24},"4":{"loc":{"start":{"line":34,"column":2},"end":{"line":45,"column":3}},"type":"if","locations":[{"start":{"line":34,"column":2},"end":{"line":45,"column":3}},{"start":{"line":38,"column":9},"end":{"line":45,"column":3}}],"line":34},"5":{"loc":{"start":{"line":38,"column":9},"end":{"line":45,"column":3}},"type":"if","locations":[{"start":{"line":38,"column":9},"end":{"line":45,"column":3}},{"start":{"line":42,"column":9},"end":{"line":45,"column":3}}],"line":38},"6":{"loc":{"start":{"line":49,"column":4},"end":{"line":49,"column":45}},"type":"binary-expr","locations":[{"start":{"line":49,"column":4},"end":{"line":49,"column":20}},{"start":{"line":49,"column":24},"end":{"line":49,"column":45}}],"line":49},"7":{"loc":{"start":{"line":51,"column":2},"end":{"line":58,"column":3}},"type":"if","locations":[{"start":{"line":51,"column":2},"end":{"line":58,"column":3}},{"start":{"line":55,"column":9},"end":{"line":58,"column":3}}],"line":51},"8":{"loc":{"start":{"line":55,"column":9},"end":{"line":58,"column":3}},"type":"if","locations":[{"start":{"line":55,"column":9},"end":{"line":58,"column":3}},{"start":{},"end":{}}],"line":55},"9":{"loc":{"start":{"line":61,"column":2},"end":{"line":68,"column":3}},"type":"if","locations":[{"start":{"line":61,"column":2},"end":{"line":68,"column":3}},{"start":{"line":65,"column":9},"end":{"line":68,"column":3}}],"line":61},"10":{"loc":{"start":{"line":71,"column":2},"end":{"line":78,"column":3}},"type":"if","locations":[{"start":{"line":71,"column":2},"end":{"line":78,"column":3}},{"start":{"line":75,"column":9},"end":{"line":78,"column":3}}],"line":71},"11":{"loc":{"start":{"line":81,"column":2},"end":{"line":88,"column":3}},"type":"if","locations":[{"start":{"line":81,"column":2},"end":{"line":88,"column":3}},{"start":{"line":85,"column":9},"end":{"line":88,"column":3}}],"line":81}},"s":{"0":1,"1":20,"2":20,"3":20,"4":8,"5":12,"6":1,"7":11,"8":20,"9":8,"10":12,"11":1,"12":11,"13":20,"14":8,"15":12,"16":1,"17":11,"18":20,"19":40,"20":20,"21":8,"22":12,"23":12,"24":20,"25":8,"26":12,"27":20,"28":8,"29":12,"30":20,"31":8,"32":12,"33":20,"34":140,"35":20,"36":140,"37":20,"38":20},"f":{"0":20,"1":40,"2":140,"3":140},"b":{"0":[8,12],"1":[1,11],"2":[8,12],"3":[1,11],"4":[8,12],"5":[1,11],"6":[40,24],"7":[8,12],"8":[12,0],"9":[8,12],"10":[8,12],"11":[8,12]},"inputSourceMap":null,"_coverageSchema":"1a1c01bbd47fc00a2c39e90264f33305004495a9","hash":"831d4e354d0010cdf99e56997682baa51fb95936"}
}
