TN:
SF:src/db.js
FN:18,(anonymous_0)
FN:19,(anonymous_1)
FNF:2
FNH:0
FNDA:0,(anonymous_0)
FNDA:0,(anonymous_1)
DA:4,0
DA:6,0
DA:8,0
DA:18,0
DA:19,0
DA:20,0
DA:21,0
LF:7
LH:0
BRF:0
BRH:0
end_of_record
TN:
SF:src/index.js
FN:13,(anonymous_0)
FN:21,(anonymous_1)
FN:25,(anonymous_2)
FN:29,(anonymous_3)
FN:36,(anonymous_4)
FN:40,(anonymous_5)
FNF:6
FNH:0
FNDA:0,(anonymous_0)
FNDA:0,(anonymous_1)
FNDA:0,(anonymous_2)
FNDA:0,(anonymous_3)
FNDA:0,(anonymous_4)
FNDA:0,(anonymous_5)
DA:6,0
DA:8,0
DA:13,0
DA:14,0
DA:15,0
DA:21,0
DA:22,0
DA:25,0
DA:26,0
DA:29,0
DA:30,0
DA:36,0
DA:37,0
DA:38,0
DA:40,0
DA:41,0
DA:44,0
LF:17
LH:0
BRF:0
BRH:0
end_of_record
TN:
SF:src/processor.js
FN:9,(anonymous_0)
FN:17,(anonymous_1)
FNF:2
FNH:0
FNDA:0,(anonymous_0)
FNDA:0,(anonymous_1)
DA:9,0
DA:10,0
DA:14,0
DA:17,0
DA:18,0
DA:20,0
DA:22,0
DA:23,0
DA:26,0
DA:27,0
DA:30,0
DA:31,0
DA:34,0
DA:35,0
DA:38,0
DA:39,0
DA:47,0
DA:49,0
DA:54,0
DA:78,0
DA:81,0
DA:83,0
DA:92,0
LF:23
LH:0
BRF:0
BRH:0
end_of_record
TN:
SF:src/steps/buildReport.js
FN:1,(anonymous_0)
FN:27,(anonymous_1)
FN:28,(anonymous_2)
FN:29,(anonymous_3)
FNF:4
FNH:4
FNDA:9,(anonymous_0)
FNDA:18,(anonymous_1)
FNDA:18,(anonymous_2)
FNDA:18,(anonymous_3)
DA:1,1
DA:2,9
DA:6,9
DA:27,18
DA:28,18
DA:29,18
LF:6
LH:6
BRF:0
BRH:0
end_of_record
TN:
SF:src/steps/crawlPage.js
FN:3,(anonymous_0)
FN:11,(anonymous_1)
FN:29,(anonymous_2)
FN:30,(anonymous_3)
FN:38,(anonymous_4)
FN:39,(anonymous_5)
FN:40,(anonymous_6)
FN:44,(anonymous_7)
FNF:8
FNH:0
FNDA:0,(anonymous_0)
FNDA:0,(anonymous_1)
FNDA:0,(anonymous_2)
FNDA:0,(anonymous_3)
FNDA:0,(anonymous_4)
FNDA:0,(anonymous_5)
FNDA:0,(anonymous_6)
FNDA:0,(anonymous_7)
DA:3,0
DA:4,0
DA:5,0
DA:7,0
DA:8,0
DA:11,0
DA:12,0
DA:13,0
DA:14,0
DA:16,0
DA:20,0
DA:25,0
DA:26,0
DA:29,0
DA:30,0
DA:31,0
DA:32,0
DA:35,0
DA:38,0
DA:39,0
DA:40,0
DA:44,0
DA:55,0
DA:58,0
LF:24
LH:0
BRDA:13,0,0,0
BRDA:13,0,1,0
BRDA:32,1,0,0
BRDA:32,1,1,0
BRDA:48,2,0,0
BRDA:48,2,1,0
BRDA:51,3,0,0
BRDA:51,3,1,0
BRF:8
BRH:0
end_of_record
TN:
SF:src/steps/runAccessibility.js
FN:6,(anonymous_0)
FN:19,(anonymous_1)
FN:24,(anonymous_2)
FNF:3
FNH:0
FNDA:0,(anonymous_0)
FNDA:0,(anonymous_1)
FNDA:0,(anonymous_2)
DA:4,0
DA:6,0
DA:7,0
DA:8,0
DA:10,0
DA:11,0
DA:12,0
DA:15,0
DA:19,0
DA:20,0
DA:23,0
DA:24,0
DA:36,0
LF:13
LH:0
BRF:0
BRH:0
end_of_record
TN:
SF:src/steps/runLighthouse.js
FN:1,(anonymous_0)
FN:8,(anonymous_1)
FNF:2
FNH:0
FNDA:0,(anonymous_0)
FNDA:0,(anonymous_1)
DA:1,0
DA:2,0
DA:4,0
DA:6,0
DA:7,0
DA:8,0
DA:10,0
DA:15,0
DA:17,0
DA:18,0
DA:21,0
DA:26,0
DA:39,0
DA:40,0
LF:14
LH:0
BRDA:21,0,0,0
BRDA:21,0,1,0
BRDA:22,1,0,0
BRDA:22,1,1,0
BRDA:23,2,0,0
BRDA:23,2,1,0
BRDA:24,3,0,0
BRDA:24,3,1,0
BRF:8
BRH:0
end_of_record
TN:
SF:src/steps/runSEOChecks.js
FN:1,(anonymous_0)
FN:48,(anonymous_1)
FN:91,(anonymous_2)
FN:92,(anonymous_3)
FNF:4
FNH:4
FNDA:20,(anonymous_0)
FNDA:40,(anonymous_1)
FNDA:140,(anonymous_2)
FNDA:140,(anonymous_3)
DA:1,1
DA:2,20
DA:3,20
DA:6,20
DA:7,8
DA:10,12
DA:11,1
DA:15,11
DA:20,20
DA:21,8
DA:24,12
DA:25,1
DA:29,11
DA:34,20
DA:35,8
DA:38,12
DA:39,1
DA:43,11
DA:48,20
DA:49,40
DA:51,20
DA:52,8
DA:55,12
DA:56,12
DA:61,20
DA:62,8
DA:66,12
DA:71,20
DA:72,8
DA:76,12
DA:81,20
DA:82,8
DA:86,12
DA:91,140
DA:92,140
DA:93,20
DA:95,20
LF:37
LH:37
BRDA:6,0,0,8
BRDA:6,0,1,12
BRDA:10,1,0,1
BRDA:10,1,1,11
BRDA:20,2,0,8
BRDA:20,2,1,12
BRDA:24,3,0,1
BRDA:24,3,1,11
BRDA:34,4,0,8
BRDA:34,4,1,12
BRDA:38,5,0,1
BRDA:38,5,1,11
BRDA:49,6,0,40
BRDA:49,6,1,24
BRDA:51,7,0,8
BRDA:51,7,1,12
BRDA:55,8,0,12
BRDA:55,8,1,0
BRDA:61,9,0,8
BRDA:61,9,1,12
BRDA:71,10,0,8
BRDA:71,10,1,12
BRDA:81,11,0,8
BRDA:81,11,1,12
BRF:24
BRH:23
end_of_record
